#
# There is insufficient memory for the Java Runtime Environment to continue.
# Native memory allocation (malloc) failed to allocate 1024176 bytes for Chunk::new
# Possible reasons:
#   The system is out of physical RAM or swap space
#   The process is running with CompressedOops enabled, and the Java Heap may be blocking the growth of the native heap
# Possible solutions:
#   Reduce memory load on the system
#   Increase physical memory or swap space
#   Check if swap backing store is full
#   Decrease Java heap size (-Xmx/-Xms)
#   Decrease number of Java threads
#   Decrease Java thread stack sizes (-Xss)
#   Set larger code cache with -XX:ReservedCodeCacheSize=
#   JVM is running with Unscaled Compressed Oops mode in which the Java heap is
#     placed in the first 4GB address space. The Java Heap base address is the
#     maximum limit for the native heap growth. Please use -XX:HeapBaseMinAddress
#     to set the Java Heap base and to place the Java Heap above 4GB virtual address.
# This output file may be truncated or incomplete.
#
#  Out of Memory Error (allocation.cpp:389), pid=67668, tid=0x0000000000010a1c
#
# JRE version: OpenJDK Runtime Environment (8.0_242-b01) (build 1.8.0_242-release-1644-b01)
# Java VM: OpenJDK 64-Bit Server VM (25.242-b01 mixed mode windows-amd64 compressed oops)
# Failed to write core dump. Minidumps are not enabled by default on client versions of Windows
#

---------------  T H R E A D  ---------------

Current thread (0x0000000017d1b000):  JavaThread "C2 CompilerThread1" daemon [_thread_in_native, id=68124, stack(0x000000001a500000,0x000000001a600000)]

Stack: [0x000000001a500000,0x000000001a600000]
[error occurred during error reporting (printing stack bounds), id 0xc0000005]

Native frames: (J=compiled Java code, j=interpreted, Vv=VM code, C=native code)


Current CompileTask:
C2:  15711 14460       4       com.android.utils.PositionXmlParser::getPositionHelper (759 bytes)


---------------  P R O C E S S  ---------------

Java Threads: ( => current thread )
  0x000000001f61f000 JavaThread "WorkerExecutor Queue Thread 8" [_thread_blocked, id=68980, stack(0x0000000032a00000,0x0000000032b00000)]
  0x000000001f61d000 JavaThread "WorkerExecutor Queue Thread 7" [_thread_blocked, id=68976, stack(0x0000000032900000,0x0000000032a00000)]
  0x000000001f619000 JavaThread "WorkerExecutor Queue Thread 6" [_thread_blocked, id=68964, stack(0x0000000032800000,0x0000000032900000)]
  0x000000001f61e800 JavaThread "WorkerExecutor Queue Thread 5" [_thread_blocked, id=54564, stack(0x0000000032700000,0x0000000032800000)]
  0x00000000206f3800 JavaThread "stdout" [_thread_in_native, id=69436, stack(0x0000000032200000,0x0000000032300000)]
  0x000000002e36f800 JavaThread "stderr" [_thread_in_native, id=69432, stack(0x0000000032100000,0x0000000032200000)]
  0x000000002e36e800 JavaThread "stdout" [_thread_in_native, id=69404, stack(0x0000000032000000,0x0000000032100000)]
  0x000000002e36e000 JavaThread "stderr" [_thread_in_native, id=69400, stack(0x0000000031f00000,0x0000000032000000)]
  0x000000002e36c800 JavaThread "stdout" [_thread_in_native, id=69388, stack(0x0000000031e00000,0x0000000031f00000)]
  0x000000002e36d000 JavaThread "stderr" [_thread_in_native, id=69384, stack(0x0000000031d00000,0x0000000031e00000)]
  0x000000002e365000 JavaThread "stdout" [_thread_in_native, id=69372, stack(0x0000000031c00000,0x0000000031d00000)]
  0x000000002e36b800 JavaThread "stderr" [_thread_in_native, id=69368, stack(0x0000000031b00000,0x0000000031c00000)]
  0x000000002e36b000 JavaThread "pool-2-thread-1" [_thread_blocked, id=69356, stack(0x0000000031a00000,0x0000000031b00000)]
  0x000000002e36a000 JavaThread "WorkerExecutor Queue Thread 4" [_thread_blocked, id=69352, stack(0x0000000031900000,0x0000000031a00000)]
  0x000000002e369800 JavaThread "WorkerExecutor Queue Thread 3" [_thread_blocked, id=69348, stack(0x0000000031800000,0x0000000031900000)]
  0x000000002e364000 JavaThread "WorkerExecutor Queue Thread 2" [_thread_blocked, id=69344, stack(0x0000000031700000,0x0000000031800000)]
  0x000000002e368800 JavaThread "WorkerExecutor Queue" [_thread_blocked, id=69340, stack(0x0000000030180000,0x0000000030280000)]
  0x000000002e367000 JavaThread "Cache worker for execution history cache (D:\Work\Projects\hms-sandbox\.gradle\6.7\executionHistory)" [_thread_blocked, id=69172, stack(0x0000000030080000,0x0000000030180000)]
  0x00000000204d7000 JavaThread "Execution worker for ':' Thread 7" [_thread_blocked, id=69168, stack(0x000000002ff80000,0x0000000030080000)]
  0x00000000204db800 JavaThread "Execution worker for ':' Thread 6" [_thread_blocked, id=69164, stack(0x000000002fe80000,0x000000002ff80000)]
  0x00000000204d7800 JavaThread "Execution worker for ':' Thread 5" [_thread_in_Java, id=69160, stack(0x000000002fd80000,0x000000002fe80000)]
  0x00000000204da800 JavaThread "Execution worker for ':' Thread 4" [_thread_blocked, id=69156, stack(0x000000002fc80000,0x000000002fd80000)]
  0x00000000204da000 JavaThread "Execution worker for ':' Thread 3" [_thread_blocked, id=69152, stack(0x000000002fb80000,0x000000002fc80000)]
  0x00000000204d6000 JavaThread "Execution worker for ':' Thread 2" [_thread_blocked, id=69148, stack(0x000000002fa80000,0x000000002fb80000)]
  0x00000000204d9000 JavaThread "Execution worker for ':'" [_thread_blocked, id=69144, stack(0x000000002e9c0000,0x000000002eac0000)]
  0x00000000204d1800 JavaThread "Memory manager" [_thread_blocked, id=68872, stack(0x000000002cda0000,0x000000002cea0000)]
  0x00000000204cd000 JavaThread "pool-1-thread-1" [_thread_blocked, id=68868, stack(0x000000002caa0000,0x000000002cba0000)]
  0x00000000204d0800 JavaThread "jar transforms Thread 118" [_thread_blocked, id=68788, stack(0x000000002c5a0000,0x000000002c6a0000)]
  0x00000000204cc000 JavaThread "jar transforms Thread 117" [_thread_blocked, id=68784, stack(0x000000002c4a0000,0x000000002c5a0000)]
  0x00000000204cd800 JavaThread "jar transforms Thread 116" [_thread_blocked, id=68780, stack(0x000000002c3a0000,0x000000002c4a0000)]
  0x00000000204d2000 JavaThread "jar transforms Thread 115" [_thread_blocked, id=68776, stack(0x000000002c2a0000,0x000000002c3a0000)]
  0x000000002050e000 JavaThread "jar transforms Thread 114" [_thread_blocked, id=68772, stack(0x000000002c1a0000,0x000000002c2a0000)]
  0x0000000020514800 JavaThread "jar transforms Thread 113" [_thread_blocked, id=68768, stack(0x000000002c0a0000,0x000000002c1a0000)]
  0x0000000020513800 JavaThread "jar transforms Thread 112" [_thread_blocked, id=68764, stack(0x000000002bfa0000,0x000000002c0a0000)]
  0x0000000020513000 JavaThread "jar transforms Thread 111" [_thread_blocked, id=68760, stack(0x000000002bea0000,0x000000002bfa0000)]
  0x000000002050d800 JavaThread "jar transforms Thread 110" [_thread_blocked, id=68756, stack(0x000000002bda0000,0x000000002bea0000)]
  0x0000000020512000 JavaThread "jar transforms Thread 109" [_thread_blocked, id=68752, stack(0x000000002bca0000,0x000000002bda0000)]
  0x0000000020510800 JavaThread "jar transforms Thread 108" [_thread_blocked, id=68748, stack(0x000000002bba0000,0x000000002bca0000)]
  0x000000002050a800 JavaThread "jar transforms Thread 107" [_thread_blocked, id=68744, stack(0x000000002baa0000,0x000000002bba0000)]
  0x0000000020511800 JavaThread "jar transforms Thread 106" [_thread_blocked, id=68740, stack(0x000000002b9a0000,0x000000002baa0000)]
  0x000000002050c800 JavaThread "jar transforms Thread 105" [_thread_blocked, id=68736, stack(0x000000002b8a0000,0x000000002b9a0000)]
  0x000000002050f800 JavaThread "jar transforms Thread 104" [_thread_blocked, id=68732, stack(0x000000002b7a0000,0x000000002b8a0000)]
  0x000000002050f000 JavaThread "jar transforms Thread 103" [_thread_blocked, id=68728, stack(0x000000002b6a0000,0x000000002b7a0000)]
  0x0000000020508000 JavaThread "jar transforms Thread 102" [_thread_blocked, id=68724, stack(0x000000002b5a0000,0x000000002b6a0000)]
  0x0000000020509800 JavaThread "jar transforms Thread 101" [_thread_blocked, id=68720, stack(0x000000002b4a0000,0x000000002b5a0000)]
  0x0000000020507800 JavaThread "jar transforms Thread 100" [_thread_blocked, id=68716, stack(0x000000002b3a0000,0x000000002b4a0000)]
  0x0000000020506800 JavaThread "jar transforms Thread 99" [_thread_blocked, id=68712, stack(0x000000002b2a0000,0x000000002b3a0000)]
  0x0000000020509000 JavaThread "jar transforms Thread 98" [_thread_blocked, id=68708, stack(0x000000002b1a0000,0x000000002b2a0000)]
  0x0000000020506000 JavaThread "jar transforms Thread 97" [_thread_blocked, id=68704, stack(0x000000002b0a0000,0x000000002b1a0000)]
  0x0000000020505000 JavaThread "jar transforms Thread 96" [_thread_blocked, id=68700, stack(0x000000002afa0000,0x000000002b0a0000)]
  0x000000002050b000 JavaThread "jar transforms Thread 95" [_thread_blocked, id=68696, stack(0x000000002aea0000,0x000000002afa0000)]
  0x000000002050c000 JavaThread "jar transforms Thread 94" [_thread_blocked, id=68692, stack(0x000000002ada0000,0x000000002aea0000)]
  0x000000001ed22800 JavaThread "jar transforms Thread 93" [_thread_blocked, id=68688, stack(0x000000002aca0000,0x000000002ada0000)]
  0x000000001ed21000 JavaThread "jar transforms Thread 92" [_thread_blocked, id=68684, stack(0x000000002aba0000,0x000000002aca0000)]
  0x000000001ed20000 JavaThread "jar transforms Thread 91" [_thread_blocked, id=68680, stack(0x000000002aaa0000,0x000000002aba0000)]
  0x000000001ed1e800 JavaThread "jar transforms Thread 90" [_thread_blocked, id=68676, stack(0x000000002a9a0000,0x000000002aaa0000)]
  0x000000001ed1f800 JavaThread "jar transforms Thread 89" [_thread_blocked, id=68672, stack(0x000000002a8a0000,0x000000002a9a0000)]
  0x000000001ed21800 JavaThread "jar transforms Thread 88" [_thread_blocked, id=68668, stack(0x000000002a7a0000,0x000000002a8a0000)]
  0x000000001ed1e000 JavaThread "jar transforms Thread 87" [_thread_blocked, id=68664, stack(0x000000002a6a0000,0x000000002a7a0000)]
  0x000000001ed1d000 JavaThread "jar transforms Thread 86" [_thread_blocked, id=68660, stack(0x000000002a5a0000,0x000000002a6a0000)]
  0x000000001ed15800 JavaThread "jar transforms Thread 85" [_thread_blocked, id=68656, stack(0x000000002a4a0000,0x000000002a5a0000)]
  0x000000001ed17000 JavaThread "jar transforms Thread 84" [_thread_blocked, id=68652, stack(0x000000002a3a0000,0x000000002a4a0000)]
  0x000000001ed1c800 JavaThread "jar transforms Thread 83" [_thread_blocked, id=68648, stack(0x000000002a2a0000,0x000000002a3a0000)]
  0x000000001ed1b800 JavaThread "jar transforms Thread 82" [_thread_blocked, id=68644, stack(0x000000002a1a0000,0x000000002a2a0000)]
  0x000000001ed15000 JavaThread "jar transforms Thread 81" [_thread_blocked, id=68640, stack(0x000000002a0a0000,0x000000002a1a0000)]
  0x000000001ed1b000 JavaThread "jar transforms Thread 80" [_thread_blocked, id=68636, stack(0x0000000029fa0000,0x000000002a0a0000)]
  0x000000001ed1a000 JavaThread "jar transforms Thread 79" [_thread_blocked, id=68632, stack(0x0000000029ea0000,0x0000000029fa0000)]
  0x000000001ed19800 JavaThread "jar transforms Thread 78" [_thread_blocked, id=68628, stack(0x0000000029da0000,0x0000000029ea0000)]
  0x000000001ed14000 JavaThread "jar transforms Thread 77" [_thread_blocked, id=68624, stack(0x0000000029ca0000,0x0000000029da0000)]
  0x000000001ed18800 JavaThread "jar transforms Thread 76" [_thread_blocked, id=68620, stack(0x0000000029ba0000,0x0000000029ca0000)]
  0x000000001ed16800 JavaThread "jar transforms Thread 75" [_thread_blocked, id=68616, stack(0x0000000029aa0000,0x0000000029ba0000)]
  0x000000001ed13800 JavaThread "jar transforms Thread 74" [_thread_blocked, id=68612, stack(0x00000000299a0000,0x0000000029aa0000)]
  0x000000001ed18000 JavaThread "jar transforms Thread 73" [_thread_blocked, id=26124, stack(0x00000000298a0000,0x00000000299a0000)]
  0x00000000204fd800 JavaThread "jar transforms Thread 72" [_thread_blocked, id=2628, stack(0x00000000297a0000,0x00000000298a0000)]
  0x00000000204fd000 JavaThread "jar transforms Thread 71" [_thread_blocked, id=67032, stack(0x00000000296a0000,0x00000000297a0000)]
  0x00000000204fb000 JavaThread "jar transforms Thread 70" [_thread_blocked, id=64632, stack(0x00000000295a0000,0x00000000296a0000)]
  0x00000000204fc000 JavaThread "jar transforms Thread 69" [_thread_blocked, id=64036, stack(0x00000000294a0000,0x00000000295a0000)]
  0x00000000204fa800 JavaThread "jar transforms Thread 68" [_thread_blocked, id=66784, stack(0x00000000293a0000,0x00000000294a0000)]
  0x00000000204f3000 JavaThread "jar transforms Thread 67" [_thread_blocked, id=67020, stack(0x00000000292a0000,0x00000000293a0000)]
  0x00000000204f9800 JavaThread "jar transforms Thread 66" [_thread_blocked, id=65824, stack(0x00000000291a0000,0x00000000292a0000)]
  0x00000000204f2000 JavaThread "jar transforms Thread 65" [_thread_blocked, id=64980, stack(0x00000000290a0000,0x00000000291a0000)]
  0x00000000204f8000 JavaThread "jar transforms Thread 64" [_thread_blocked, id=67780, stack(0x0000000028fa0000,0x00000000290a0000)]
  0x00000000204f4800 JavaThread "jar transforms Thread 63" [_thread_blocked, id=11900, stack(0x0000000028ea0000,0x0000000028fa0000)]
  0x00000000204f9000 JavaThread "jar transforms Thread 62" [_thread_blocked, id=4864, stack(0x0000000028da0000,0x0000000028ea0000)]
  0x00000000204f0800 JavaThread "jar transforms Thread 61" [_thread_blocked, id=68044, stack(0x0000000028ca0000,0x0000000028da0000)]
  0x00000000204f7800 JavaThread "jar transforms Thread 60" [_thread_blocked, id=67552, stack(0x0000000028ba0000,0x0000000028ca0000)]
  0x00000000204f3800 JavaThread "jar transforms Thread 59" [_thread_blocked, id=9352, stack(0x0000000028aa0000,0x0000000028ba0000)]
  0x00000000204f1800 JavaThread "jar transforms Thread 58" [_thread_blocked, id=67716, stack(0x00000000289a0000,0x0000000028aa0000)]
  0x00000000204f6800 JavaThread "jar transforms Thread 57" [_thread_blocked, id=17772, stack(0x00000000288a0000,0x00000000289a0000)]
  0x00000000204f6000 JavaThread "jar transforms Thread 56" [_thread_blocked, id=66884, stack(0x00000000287a0000,0x00000000288a0000)]
  0x00000000204f0000 JavaThread "jar transforms Thread 55" [_thread_blocked, id=64440, stack(0x00000000286a0000,0x00000000287a0000)]
  0x00000000204ee800 JavaThread "jar transforms Thread 54" [_thread_blocked, id=12104, stack(0x00000000285a0000,0x00000000286a0000)]
  0x00000000204ef000 JavaThread "jar transforms Thread 53" [_thread_blocked, id=68116, stack(0x00000000284a0000,0x00000000285a0000)]
  0x00000000204f5000 JavaThread "jar transforms Thread 52" [_thread_blocked, id=68100, stack(0x00000000283a0000,0x00000000284a0000)]
  0x0000000021650800 JavaThread "jar transforms Thread 51" [_thread_blocked, id=62916, stack(0x00000000282a0000,0x00000000283a0000)]
  0x0000000021653800 JavaThread "jar transforms Thread 50" [_thread_blocked, id=65608, stack(0x00000000281a0000,0x00000000282a0000)]
  0x0000000021652000 JavaThread "jar transforms Thread 49" [_thread_blocked, id=66440, stack(0x00000000280a0000,0x00000000281a0000)]
  0x0000000021650000 JavaThread "jar transforms Thread 48" [_thread_blocked, id=8324, stack(0x0000000027fa0000,0x00000000280a0000)]
  0x000000002164f000 JavaThread "jar transforms Thread 47" [_thread_blocked, id=11548, stack(0x0000000027ea0000,0x0000000027fa0000)]
  0x0000000021653000 JavaThread "jar transforms Thread 46" [_thread_blocked, id=68408, stack(0x0000000027da0000,0x0000000027ea0000)]
  0x0000000021651800 JavaThread "jar transforms Thread 45" [_thread_blocked, id=57420, stack(0x0000000027ca0000,0x0000000027da0000)]
  0x0000000021647800 JavaThread "jar transforms Thread 44" [_thread_blocked, id=16280, stack(0x0000000027ba0000,0x0000000027ca0000)]
  0x000000002164e800 JavaThread "jar transforms Thread 43" [_thread_blocked, id=67672, stack(0x0000000027aa0000,0x0000000027ba0000)]
  0x000000002164d800 JavaThread "jar transforms Thread 42" [_thread_blocked, id=50792, stack(0x00000000279a0000,0x0000000027aa0000)]
  0x0000000021646000 JavaThread "jar transforms Thread 41" [_thread_blocked, id=2152, stack(0x00000000278a0000,0x00000000279a0000)]
  0x000000002164d000 JavaThread "jar transforms Thread 40" [_thread_blocked, id=65920, stack(0x00000000277a0000,0x00000000278a0000)]
  0x000000002164a000 JavaThread "jar transforms Thread 39" [_thread_blocked, id=64224, stack(0x00000000276a0000,0x00000000277a0000)]
  0x0000000021647000 JavaThread "jar transforms Thread 38" [_thread_blocked, id=67540, stack(0x00000000275a0000,0x00000000276a0000)]
  0x0000000021645800 JavaThread "jar transforms Thread 37" [_thread_blocked, id=66980, stack(0x00000000274a0000,0x00000000275a0000)]
  0x000000002164c000 JavaThread "jar transforms Thread 36" [_thread_blocked, id=37252, stack(0x00000000273a0000,0x00000000274a0000)]
  0x000000002164a800 JavaThread "jar transforms Thread 35" [_thread_blocked, id=52832, stack(0x00000000272a0000,0x00000000273a0000)]
  0x0000000021648800 JavaThread "jar transforms Thread 34" [_thread_blocked, id=68568, stack(0x00000000271a0000,0x00000000272a0000)]
  0x0000000021644800 JavaThread "jar transforms Thread 33" [_thread_blocked, id=68412, stack(0x00000000270a0000,0x00000000271a0000)]
  0x000000002164b800 JavaThread "jar transforms Thread 32" [_thread_blocked, id=1152, stack(0x0000000026fa0000,0x00000000270a0000)]
  0x0000000021649000 JavaThread "jar transforms Thread 31" [_thread_blocked, id=29160, stack(0x0000000026ea0000,0x0000000026fa0000)]
  0x0000000023412800 JavaThread "jar transforms Thread 30" [_thread_blocked, id=67664, stack(0x0000000026da0000,0x0000000026ea0000)]
  0x0000000023414000 JavaThread "jar transforms Thread 29" [_thread_blocked, id=67804, stack(0x0000000026ca0000,0x0000000026da0000)]
  0x0000000023414800 JavaThread "jar transforms Thread 28" [_thread_blocked, id=63412, stack(0x0000000026ba0000,0x0000000026ca0000)]
  0x0000000023411800 JavaThread "jar transforms Thread 27" [_thread_blocked, id=68156, stack(0x0000000026aa0000,0x0000000026ba0000)]
  0x0000000023413000 JavaThread "jar transforms Thread 26" [_thread_blocked, id=64100, stack(0x00000000269a0000,0x0000000026aa0000)]
  0x0000000023411000 JavaThread "jar transforms Thread 25" [_thread_blocked, id=65096, stack(0x00000000268a0000,0x00000000269a0000)]
  0x0000000023410000 JavaThread "jar transforms Thread 24" [_thread_blocked, id=62948, stack(0x00000000267a0000,0x00000000268a0000)]
  0x0000000023415800 JavaThread "jar transforms Thread 23" [_thread_blocked, id=20104, stack(0x00000000266a0000,0x00000000267a0000)]
  0x0000000023408800 JavaThread "jar transforms Thread 22" [_thread_blocked, id=67308, stack(0x00000000265a0000,0x00000000266a0000)]
  0x000000002340f800 JavaThread "jar transforms Thread 21" [_thread_blocked, id=3868, stack(0x00000000264a0000,0x00000000265a0000)]
  0x000000002340e800 JavaThread "jar transforms Thread 20" [_thread_blocked, id=66132, stack(0x00000000263a0000,0x00000000264a0000)]
  0x000000002340d000 JavaThread "jar transforms Thread 19" [_thread_blocked, id=59240, stack(0x00000000262a0000,0x00000000263a0000)]
  0x000000002340a000 JavaThread "jar transforms Thread 18" [_thread_blocked, id=68452, stack(0x00000000261a0000,0x00000000262a0000)]
  0x000000002340c800 JavaThread "jar transforms Thread 17" [_thread_blocked, id=61704, stack(0x00000000260a0000,0x00000000261a0000)]
  0x000000002340b800 JavaThread "jar transforms Thread 16" [_thread_blocked, id=16084, stack(0x0000000025fa0000,0x00000000260a0000)]
  0x000000002340e000 JavaThread "jar transforms Thread 15" [_thread_blocked, id=63060, stack(0x0000000025ea0000,0x0000000025fa0000)]
  0x0000000023407000 JavaThread "jar transforms Thread 14" [_thread_blocked, id=67272, stack(0x0000000025da0000,0x0000000025ea0000)]
  0x0000000023409800 JavaThread "jar transforms Thread 13" [_thread_blocked, id=23320, stack(0x0000000025ca0000,0x0000000025da0000)]
  0x0000000023408000 JavaThread "jar transforms Thread 12" [_thread_blocked, id=2036, stack(0x0000000025ba0000,0x0000000025ca0000)]
  0x000000002340b000 JavaThread "jar transforms Thread 11" [_thread_blocked, id=49436, stack(0x0000000025aa0000,0x0000000025ba0000)]
  0x0000000023406800 JavaThread "jar transforms Thread 10" [_thread_blocked, id=68272, stack(0x00000000259a0000,0x0000000025aa0000)]
  0x0000000020702800 JavaThread "jar transforms Thread 9" [_thread_blocked, id=4848, stack(0x00000000258a0000,0x00000000259a0000)]
  0x0000000020701800 JavaThread "jar transforms Thread 8" [_thread_blocked, id=38312, stack(0x00000000257a0000,0x00000000258a0000)]
  0x0000000020700000 JavaThread "jar transforms Thread 7" [_thread_blocked, id=46076, stack(0x00000000256a0000,0x00000000257a0000)]
  0x00000000206fe000 JavaThread "jar transforms Thread 6" [_thread_blocked, id=66976, stack(0x00000000255a0000,0x00000000256a0000)]
  0x00000000206ff800 JavaThread "jar transforms Thread 5" [_thread_blocked, id=50024, stack(0x00000000254a0000,0x00000000255a0000)]
  0x0000000020701000 JavaThread "jar transforms Thread 4" [_thread_blocked, id=16372, stack(0x00000000253a0000,0x00000000254a0000)]
  0x00000000206fe800 JavaThread "jar transforms Thread 3" [_thread_blocked, id=33092, stack(0x00000000252a0000,0x00000000253a0000)]
  0x00000000206f6800 JavaThread "jar transforms Thread 2" [_thread_blocked, id=66844, stack(0x0000000025080000,0x0000000025180000)]
  0x00000000206fd000 JavaThread "Build operations Thread 8" [_thread_blocked, id=66328, stack(0x0000000024f80000,0x0000000025080000)]
  0x00000000206f5800 JavaThread "Build operations Thread 7" [_thread_blocked, id=7812, stack(0x0000000024e80000,0x0000000024f80000)]
  0x00000000206f9800 JavaThread "Build operations Thread 6" [_thread_blocked, id=1344, stack(0x0000000024d80000,0x0000000024e80000)]
  0x00000000206fc800 JavaThread "Build operations Thread 5" [_thread_blocked, id=15556, stack(0x0000000024c80000,0x0000000024d80000)]
  0x00000000206fb000 JavaThread "Build operations Thread 4" [_thread_blocked, id=64232, stack(0x0000000024b80000,0x0000000024c80000)]
  0x00000000206f8800 JavaThread "Build operations Thread 3" [_thread_blocked, id=67760, stack(0x0000000024a80000,0x0000000024b80000)]
  0x00000000206f8000 JavaThread "Build operations Thread 2" [_thread_blocked, id=56328, stack(0x0000000024980000,0x0000000024a80000)]
  0x00000000206fa000 JavaThread "Build operations" [_thread_blocked, id=26956, stack(0x0000000024880000,0x0000000024980000)]
  0x00000000206fb800 JavaThread "Cache worker for Build Output Cleanup Cache (D:\Work\Projects\hms-sandbox\.gradle\buildOutputCleanup)" [_thread_blocked, id=4080, stack(0x0000000024310000,0x0000000024410000)]
  0x000000001ace6800 JavaThread "Cache worker for file content cache (C:\Users\c00568942\.gradle\caches\6.7\fileContent)" [_thread_blocked, id=67720, stack(0x0000000022e40000,0x0000000022f40000)]
  0x000000001ace5800 JavaThread "jar transforms" [_thread_blocked, id=67800, stack(0x0000000022d40000,0x0000000022e40000)]
  0x000000001ace5000 JavaThread "Cache worker for execution history cache (C:\Users\c00568942\.gradle\caches\6.7\executionHistory)" [_thread_blocked, id=68120, stack(0x0000000022640000,0x0000000022740000)]
  0x000000001ace4000 JavaThread "Cache worker for cache directory md-rule (C:\Users\c00568942\.gradle\caches\6.7\md-rule)" [_thread_blocked, id=67312, stack(0x0000000022540000,0x0000000022640000)]
  0x000000001ace3800 JavaThread "Cache worker for cache directory md-supplier (C:\Users\c00568942\.gradle\caches\6.7\md-supplier)" [_thread_blocked, id=67252, stack(0x0000000022440000,0x0000000022540000)]
  0x000000001ace9800 JavaThread "Cache worker for checksums cache (D:\Work\Projects\hms-sandbox\.gradle\checksums)" [_thread_blocked, id=65832, stack(0x00000000210f0000,0x00000000211f0000)]
  0x000000001ace7000 JavaThread "Cache worker for file hash cache (D:\Work\Projects\hms-sandbox\.gradle\6.7\fileHashes)" [_thread_blocked, id=12464, stack(0x0000000020df0000,0x0000000020ef0000)]
  0x000000001ace2800 JavaThread "Cache worker for journal cache (C:\Users\c00568942\.gradle\caches\journal-1)" [_thread_blocked, id=64724, stack(0x000000001fb20000,0x000000001fc20000)]
  0x000000001cfb8800 JavaThread "File lock request listener" [_thread_in_native, id=65200, stack(0x000000001ea50000,0x000000001eb50000)]
  0x000000001d04e000 JavaThread "Cache worker for file hash cache (C:\Users\c00568942\.gradle\caches\6.7\fileHashes)" [_thread_blocked, id=13376, stack(0x000000001e950000,0x000000001ea50000)]
  0x000000001cbfd000 JavaThread "Thread-9" [_thread_blocked, id=68488, stack(0x000000001e650000,0x000000001e750000)]
  0x000000001cbfc000 JavaThread "Stdin handler" [_thread_blocked, id=67652, stack(0x000000001e550000,0x000000001e650000)]
  0x000000001cbf7000 JavaThread "Asynchronous log dispatcher for DefaultDaemonConnection: socket connection from /127.0.0.1:50173 to /127.0.0.1:50174" [_thread_blocked, id=63756, stack(0x000000001e450000,0x000000001e550000)]
  0x000000001cc1a800 JavaThread "Daemon worker" [_thread_blocked, id=65828, stack(0x000000001e350000,0x000000001e450000)]
  0x000000001cc19800 JavaThread "Cancel handler" [_thread_blocked, id=8984, stack(0x000000001e150000,0x000000001e250000)]
  0x000000001cc5c000 JavaThread "Handler for socket connection from /127.0.0.1:50173 to /127.0.0.1:50174" [_thread_in_native, id=16192, stack(0x000000001e050000,0x000000001e150000)]
  0x000000001cc5b800 JavaThread "Daemon" [_thread_blocked, id=61276, stack(0x000000001df50000,0x000000001e050000)]
  0x000000001cc62000 JavaThread "Daemon periodic checks" [_thread_blocked, id=15468, stack(0x000000001dc50000,0x000000001dd50000)]
  0x000000001cc4b000 JavaThread "Incoming local TCP Connector on port 50173" [_thread_in_native, id=63760, stack(0x000000001da10000,0x000000001db10000)]
  0x000000001cb60000 JavaThread "Daemon health stats" [_thread_blocked, id=67284, stack(0x000000001c1d0000,0x000000001c2d0000)]
  0x0000000019c25800 JavaThread "Service Thread" daemon [_thread_blocked, id=64984, stack(0x000000001a800000,0x000000001a900000)]
  0x0000000019ba0800 JavaThread "C1 CompilerThread3" daemon [_thread_blocked, id=64456, stack(0x000000001a700000,0x000000001a800000)]
  0x0000000017d1c000 JavaThread "C2 CompilerThread2" daemon [_thread_in_native, id=58692, stack(0x000000001a600000,0x000000001a700000)]
=>0x0000000017d1b000 JavaThread "C2 CompilerThread1" daemon [_thread_in_native, id=68124, stack(0x000000001a500000,0x000000001a600000)]
  0x0000000019b96000 JavaThread "C2 CompilerThread0" daemon [_thread_in_native, id=66900, stack(0x000000001a400000,0x000000001a500000)]
  0x0000000019b91000 JavaThread "Attach Listener" daemon [_thread_blocked, id=63400, stack(0x000000001a300000,0x000000001a400000)]
  0x0000000019b3e800 JavaThread "Signal Dispatcher" daemon [_thread_blocked, id=14560, stack(0x000000001a200000,0x000000001a300000)]
  0x0000000019b20800 JavaThread "Finalizer" daemon [_thread_blocked, id=58656, stack(0x000000001a000000,0x000000001a100000)]
  0x0000000002c08000 JavaThread "Reference Handler" daemon [_thread_blocked, id=65216, stack(0x0000000019f00000,0x000000001a000000)]
  0x0000000002c9e000 JavaThread "main" [_thread_blocked, id=16836, stack(0x00000000029c0000,0x0000000002ac0000)]

Other Threads:
  0x0000000017d06000 VMThread [stack: 0x0000000019a00000,0x0000000019b00000] [id=68244]
  0x0000000019c26000 WatcherThread [stack: 0x000000001a900000,0x000000001aa00000] [id=66752]

VM state:not at safepoint (normal execution)

VM Mutex/Monitor currently owned by a thread: None

heap address: 0x0000000080000000, size: 2048 MB, Compressed Oops mode: 32-bit
Narrow klass base: 0x0000000000000000, Narrow klass shift: 3
Compressed class space size: 1073741824 Address: 0x0000000100000000

Heap:
 PSYoungGen      total 424448K, used 91325K [0x00000000d5580000, 0x00000000f8380000, 0x0000000100000000)
  eden space 371712K, 10% used [0x00000000d5580000,0x00000000d7b2f968,0x00000000ec080000)
  from space 52736K, 99% used [0x00000000ec080000,0x00000000ef3ffd28,0x00000000ef400000)
  to   space 63488K, 0% used [0x00000000f4580000,0x00000000f4580000,0x00000000f8380000)
 ParOldGen       total 263168K, used 95407K [0x0000000080000000, 0x0000000090100000, 0x00000000d5580000)
  object space 263168K, 36% used [0x0000000080000000,0x0000000085d2bc48,0x0000000090100000)
 Metaspace       used 78665K, capacity 85510K, committed 85760K, reserved 1122304K
  class space    used 10654K, capacity 12185K, committed 12288K, reserved 1048576K

Card table byte_map: [0x0000000012060000,0x0000000012470000] byte_map_base: 0x0000000011c60000

Marking Bits: (ParMarkBitMap*) 0x000000005f3bf030
 Begin Bits: [0x0000000012f20000, 0x0000000014f20000)
 End Bits:   [0x0000000014f20000, 0x0000000016f20000)

Polling page: 0x0000000001150000

CodeCache: size=245760Kb used=38805Kb max_used=38859Kb free=206954Kb
 bounds [0x0000000002ca0000, 0x00000000052c0000, 0x0000000011ca0000]
 total_blobs=13316 nmethods=12485 adapters=743
 compilation: enabled

Compilation events (10 events):
Event: 15.699 Thread 0x0000000019ba0800 14677       1       org.gradle.internal.work.DefaultConditionalExecutionQueue::access$200 (5 bytes)
Event: 15.699 Thread 0x0000000019ba0800 nmethod 14677 0x000000000431b110 code [0x000000000431b260, 0x000000000431b350]
Event: 15.700 Thread 0x0000000019ba0800 14678       2       java.util.ServiceLoader$1::hasNext (25 bytes)
Event: 15.700 Thread 0x0000000019ba0800 nmethod 14678 0x0000000004df2d50 code [0x0000000004df2ec0, 0x0000000004df3098]
Event: 15.700 Thread 0x0000000019ba0800 14679       2       java.util.ServiceLoader$LazyIterator::hasNext (42 bytes)
Event: 15.700 Thread 0x0000000019ba0800 nmethod 14679 0x0000000004df2790 code [0x0000000004df2920, 0x0000000004df2b88]
Event: 15.700 Thread 0x0000000019ba0800 14680       1       com.sun.org.apache.xerces.internal.impl.dtd.XMLDTDValidator::getDocumentSource (5 bytes)
Event: 15.701 Thread 0x0000000019ba0800 nmethod 14680 0x000000000431ae50 code [0x000000000431afa0, 0x000000000431b0b0]
Event: 15.701 Thread 0x0000000019ba0800 14681       1       com.sun.org.apache.xerces.internal.impl.dtd.XMLDTDValidator::getDocumentHandler (5 bytes)
Event: 15.701 Thread 0x0000000019ba0800 nmethod 14681 0x0000000004df24d0 code [0x0000000004df2620, 0x0000000004df2730]

GC Heap History (10 events):
Event: 5.512 GC heap before
{Heap before GC invocations=12 (full 3):
 PSYoungGen      total 290816K, used 17235K [0x00000000d5580000, 0x00000000ed480000, 0x0000000100000000)
  eden space 267776K, 0% used [0x00000000d5580000,0x00000000d5580000,0x00000000e5b00000)
  from space 23040K, 74% used [0x00000000e5b00000,0x00000000e6bd4eb8,0x00000000e7180000)
  to   space 23552K, 0% used [0x00000000ebd80000,0x00000000ebd80000,0x00000000ed480000)
 ParOldGen       total 167936K, used 30685K [0x0000000080000000, 0x000000008a400000, 0x00000000d5580000)
  object space 167936K, 18% used [0x0000000080000000,0x0000000081df7440,0x000000008a400000)
 Metaspace       used 56456K, capacity 59044K, committed 59096K, reserved 1099776K
  class space    used 7714K, capacity 8298K, committed 8320K, reserved 1048576K
Event: 5.743 GC heap after
Heap after GC invocations=12 (full 3):
 PSYoungGen      total 290816K, used 0K [0x00000000d5580000, 0x00000000ed480000, 0x0000000100000000)
  eden space 267776K, 0% used [0x00000000d5580000,0x00000000d5580000,0x00000000e5b00000)
  from space 23040K, 0% used [0x00000000e5b00000,0x00000000e5b00000,0x00000000e7180000)
  to   space 23552K, 0% used [0x00000000ebd80000,0x00000000ebd80000,0x00000000ed480000)
 ParOldGen       total 263168K, used 45984K [0x0000000080000000, 0x0000000090100000, 0x00000000d5580000)
  object space 263168K, 17% used [0x0000000080000000,0x0000000082ce8230,0x0000000090100000)
 Metaspace       used 56410K, capacity 58888K, committed 59096K, reserved 1099776K
  class space    used 7700K, capacity 8272K, committed 8320K, reserved 1048576K
}
Event: 8.286 GC heap before
{Heap before GC invocations=13 (full 3):
 PSYoungGen      total 290816K, used 267776K [0x00000000d5580000, 0x00000000ed480000, 0x0000000100000000)
  eden space 267776K, 100% used [0x00000000d5580000,0x00000000e5b00000,0x00000000e5b00000)
  from space 23040K, 0% used [0x00000000e5b00000,0x00000000e5b00000,0x00000000e7180000)
  to   space 23552K, 0% used [0x00000000ebd80000,0x00000000ebd80000,0x00000000ed480000)
 ParOldGen       total 263168K, used 45984K [0x0000000080000000, 0x0000000090100000, 0x00000000d5580000)
  object space 263168K, 17% used [0x0000000080000000,0x0000000082ce8230,0x0000000090100000)
 Metaspace       used 66864K, capacity 71058K, committed 71168K, reserved 1110016K
  class space    used 9151K, capacity 10239K, committed 10240K, reserved 1048576K
Event: 8.313 GC heap after
Heap after GC invocations=13 (full 3):
 PSYoungGen      total 340992K, used 23544K [0x00000000d5580000, 0x00000000ed480000, 0x0000000100000000)
  eden space 317440K, 0% used [0x00000000d5580000,0x00000000d5580000,0x00000000e8b80000)
  from space 23552K, 99% used [0x00000000ebd80000,0x00000000ed47e040,0x00000000ed480000)
  to   space 30208K, 0% used [0x00000000e9980000,0x00000000e9980000,0x00000000eb700000)
 ParOldGen       total 263168K, used 55301K [0x0000000080000000, 0x0000000090100000, 0x00000000d5580000)
  object space 263168K, 21% used [0x0000000080000000,0x0000000083601670,0x0000000090100000)
 Metaspace       used 66864K, capacity 71058K, committed 71168K, reserved 1110016K
  class space    used 9151K, capacity 10239K, committed 10240K, reserved 1048576K
}
Event: 10.720 GC heap before
{Heap before GC invocations=14 (full 3):
 PSYoungGen      total 340992K, used 340984K [0x00000000d5580000, 0x00000000ed480000, 0x0000000100000000)
  eden space 317440K, 100% used [0x00000000d5580000,0x00000000e8b80000,0x00000000e8b80000)
  from space 23552K, 99% used [0x00000000ebd80000,0x00000000ed47e040,0x00000000ed480000)
  to   space 30208K, 0% used [0x00000000e9980000,0x00000000e9980000,0x00000000eb700000)
 ParOldGen       total 263168K, used 55301K [0x0000000080000000, 0x0000000090100000, 0x00000000d5580000)
  object space 263168K, 21% used [0x0000000080000000,0x0000000083601670,0x0000000090100000)
 Metaspace       used 71832K, capacity 78210K, committed 78464K, reserved 1116160K
  class space    used 9877K, capacity 11343K, committed 11392K, reserved 1048576K
Event: 10.779 GC heap after
Heap after GC invocations=14 (full 3):
 PSYoungGen      total 361984K, used 30176K [0x00000000d5580000, 0x00000000f2180000, 0x0000000100000000)
  eden space 331776K, 0% used [0x00000000d5580000,0x00000000d5580000,0x00000000e9980000)
  from space 30208K, 99% used [0x00000000e9980000,0x00000000eb6f8010,0x00000000eb700000)
  to   space 46592K, 0% used [0x00000000ef400000,0x00000000ef400000,0x00000000f2180000)
 ParOldGen       total 263168K, used 88133K [0x0000000080000000, 0x0000000090100000, 0x00000000d5580000)
  object space 263168K, 33% used [0x0000000080000000,0x0000000085611560,0x0000000090100000)
 Metaspace       used 71832K, capacity 78210K, committed 78464K, reserved 1116160K
  class space    used 9877K, capacity 11343K, committed 11392K, reserved 1048576K
}
Event: 12.951 GC heap before
{Heap before GC invocations=15 (full 3):
 PSYoungGen      total 361984K, used 361952K [0x00000000d5580000, 0x00000000f2180000, 0x0000000100000000)
  eden space 331776K, 100% used [0x00000000d5580000,0x00000000e9980000,0x00000000e9980000)
  from space 30208K, 99% used [0x00000000e9980000,0x00000000eb6f8010,0x00000000eb700000)
  to   space 46592K, 0% used [0x00000000ef400000,0x00000000ef400000,0x00000000f2180000)
 ParOldGen       total 263168K, used 88133K [0x0000000080000000, 0x0000000090100000, 0x00000000d5580000)
  object space 263168K, 33% used [0x0000000080000000,0x0000000085611560,0x0000000090100000)
 Metaspace       used 74393K, capacity 80976K, committed 81024K, reserved 1118208K
  class space    used 10157K, capacity 11634K, committed 11648K, reserved 1048576K
Event: 12.997 GC heap after
Heap after GC invocations=15 (full 3):
 PSYoungGen      total 418304K, used 43429K [0x00000000d5580000, 0x00000000f3e00000, 0x0000000100000000)
  eden space 371712K, 0% used [0x00000000d5580000,0x00000000d5580000,0x00000000ec080000)
  from space 46592K, 93% used [0x00000000ef400000,0x00000000f1e696f0,0x00000000f2180000)
  to   space 52736K, 0% used [0x00000000ec080000,0x00000000ec080000,0x00000000ef400000)
 ParOldGen       total 263168K, used 88141K [0x0000000080000000, 0x0000000090100000, 0x00000000d5580000)
  object space 263168K, 33% used [0x0000000080000000,0x0000000085613560,0x0000000090100000)
 Metaspace       used 74393K, capacity 80976K, committed 81024K, reserved 1118208K
  class space    used 10157K, capacity 11634K, committed 11648K, reserved 1048576K
}
Event: 15.456 GC heap before
{Heap before GC invocations=16 (full 3):
 PSYoungGen      total 418304K, used 415141K [0x00000000d5580000, 0x00000000f3e00000, 0x0000000100000000)
  eden space 371712K, 100% used [0x00000000d5580000,0x00000000ec080000,0x00000000ec080000)
  from space 46592K, 93% used [0x00000000ef400000,0x00000000f1e696f0,0x00000000f2180000)
  to   space 52736K, 0% used [0x00000000ec080000,0x00000000ec080000,0x00000000ef400000)
 ParOldGen       total 263168K, used 88141K [0x0000000080000000, 0x0000000090100000, 0x00000000d5580000)
  object space 263168K, 33% used [0x0000000080000000,0x0000000085613560,0x0000000090100000)
 Metaspace       used 78620K, capacity 85434K, committed 85760K, reserved 1122304K
  class space    used 10653K, capacity 12183K, committed 12288K, reserved 1048576K
Event: 15.518 GC heap after
Heap after GC invocations=16 (full 3):
 PSYoungGen      total 424448K, used 52735K [0x00000000d5580000, 0x00000000f8380000, 0x0000000100000000)
  eden space 371712K, 0% used [0x00000000d5580000,0x00000000d5580000,0x00000000ec080000)
  from space 52736K, 99% used [0x00000000ec080000,0x00000000ef3ffd28,0x00000000ef400000)
  to   space 63488K, 0% used [0x00000000f4580000,0x00000000f4580000,0x00000000f8380000)
 ParOldGen       total 263168K, used 95407K [0x0000000080000000, 0x0000000090100000, 0x00000000d5580000)
  object space 263168K, 36% used [0x0000000080000000,0x0000000085d2bc48,0x0000000090100000)
 Metaspace       used 78620K, capacity 85434K, committed 85760K, reserved 1122304K
  class space    used 10653K, capacity 12183K, committed 12288K, reserved 1048576K
}

Deoptimization events (10 events):
Event: 14.939 Thread 0x00000000204d6000 Uncommon trap: reason=unstable_if action=reinterpret pc=0x0000000004bda0bc method=com.android.utils.PositionXmlParser$DomBuilder.findOpeningTag(Lcom/android/utils/PositionXmlParser$Position;)Lcom/android/utils/PositionXmlParser$Position; @ 81
Event: 15.196 Thread 0x00000000206fd000 Uncommon trap: reason=unstable_if action=reinterpret pc=0x0000000004a13690 method=java.util.concurrent.ConcurrentLinkedQueue.offer(Ljava/lang/Object;)Z @ 40
Event: 15.250 Thread 0x00000000204db800 Uncommon trap: reason=class_check action=maybe_recompile pc=0x0000000004d9ccb8 method=com.google.common.base.Splitter$SplittingIterator.computeNext()Ljava/lang/String; @ 123
Event: 15.250 Thread 0x00000000204db800 Uncommon trap: reason=class_check action=maybe_recompile pc=0x0000000004d9ccb8 method=com.google.common.base.Splitter$SplittingIterator.computeNext()Ljava/lang/String; @ 123
Event: 15.250 Thread 0x00000000204db800 Uncommon trap: reason=class_check action=maybe_recompile pc=0x0000000004d9ccb8 method=com.google.common.base.Splitter$SplittingIterator.computeNext()Ljava/lang/String; @ 123
Event: 15.250 Thread 0x00000000204db800 Uncommon trap: reason=class_check action=maybe_recompile pc=0x0000000004d9ccb8 method=com.google.common.base.Splitter$SplittingIterator.computeNext()Ljava/lang/String; @ 123
Event: 15.285 Thread 0x00000000204db800 Uncommon trap: reason=bimorphic action=maybe_recompile pc=0x0000000004cda390 method=java.util.stream.FindOps$FindOp.evaluateSequential(Ljava/util/stream/PipelineHelper;Ljava/util/Spliterator;)Ljava/lang/Object; @ 14
Event: 15.307 Thread 0x00000000204db800 Uncommon trap: reason=unstable_if action=reinterpret pc=0x0000000002e0a980 method=java.lang.CharacterData.of(I)Ljava/lang/CharacterData; @ 4
Event: 15.546 Thread 0x000000002e367000 Uncommon trap: reason=unstable_if action=reinterpret pc=0x0000000004b0b448 method=com.google.common.collect.MapMakerInternalMap$Segment.drainKeyReferenceQueue(Ljava/lang/ref/ReferenceQueue;)V @ 8
Event: 15.658 Thread 0x00000000204da000 Uncommon trap: reason=bimorphic action=maybe_recompile pc=0x0000000004cda390 method=java.util.stream.FindOps$FindOp.evaluateSequential(Ljava/util/stream/PipelineHelper;Ljava/util/Spliterator;)Ljava/lang/Object; @ 14

Classes redefined (0 events):
No events

Internal exceptions (10 events):
Event: 12.453 Thread 0x000000001cc1a800 Implicit null exception at 0x00000000039c6fef to 0x00000000039c7605
Event: 12.776 Thread 0x000000001cc1a800 Exception <a 'java/lang/NoSuchMethodError': <clinit>> (0x00000000e8994190) thrown at [C:\src\AOSP-openjdk-git\hotspot\src\share\vm\prims\jni.cpp, line 1615]
Event: 12.778 Thread 0x000000001cc1a800 Exception <a 'java/lang/NoSuchMethodError': <clinit>> (0x00000000e89a83a8) thrown at [C:\src\AOSP-openjdk-git\hotspot\src\share\vm\prims\jni.cpp, line 1615]
Event: 12.780 Thread 0x000000001cc1a800 Exception <a 'java/lang/NoSuchMethodError': <clinit>> (0x00000000e89bc0f8) thrown at [C:\src\AOSP-openjdk-git\hotspot\src\share\vm\prims\jni.cpp, line 1615]
Event: 12.782 Thread 0x000000001cc1a800 Exception <a 'java/lang/NoSuchMethodError': <clinit>> (0x00000000e89d3280) thrown at [C:\src\AOSP-openjdk-git\hotspot\src\share\vm\prims\jni.cpp, line 1615]
Event: 12.788 Thread 0x000000001cc1a800 Exception <a 'java/lang/NoSuchMethodError': <clinit>> (0x00000000e8a69688) thrown at [C:\src\AOSP-openjdk-git\hotspot\src\share\vm\prims\jni.cpp, line 1615]
Event: 12.838 Thread 0x00000000204d7800 Exception <a 'java/lang/NoSuchMethodError': <clinit>> (0x00000000db43bb48) thrown at [C:\src\AOSP-openjdk-git\hotspot\src\share\vm\prims\jni.cpp, line 1615]
Event: 13.089 Thread 0x000000002e364000 Implicit null exception at 0x0000000003669b0f to 0x0000000003669b51
Event: 13.724 Thread 0x00000000204d7000 Exception <a 'java/lang/NoSuchMethodError': java.lang.Object.lambda$comparingByKey$bbdbfea9$1(Ljava/util/Map$Entry;Ljava/util/Map$Entry;)I> (0x00000000da7f0570) thrown at [C:\src\AOSP-openjdk-git\hotspot\src\share\vm\interpreter\linkResolver.cpp, line 620
Event: 14.539 Thread 0x00000000206fb800 Implicit null exception at 0x0000000004e24eda to 0x0000000004e25e89

Events (10 events):
Event: 15.644 Thread 0x00000000204da000 DEOPT UNPACKING pc=0x0000000002ce75d0 sp=0x000000002fc7a560 mode 0
Event: 15.658 Thread 0x00000000204da000 Uncommon trap: trap_request=0xffffffc6 fr.pc=0x0000000004cda390
Event: 15.658 Thread 0x00000000204da000 DEOPT PACKING pc=0x0000000004cda390 sp=0x000000002fc7b480
Event: 15.658 Thread 0x00000000204da000 DEOPT UNPACKING pc=0x0000000002ce557b sp=0x000000002fc7b438 mode 2
Event: 15.662 Thread 0x00000000204da000 DEOPT PACKING pc=0x00000000051f1f39 sp=0x000000002fc7af70
Event: 15.662 Thread 0x00000000204da000 DEOPT UNPACKING pc=0x0000000002ce75d0 sp=0x000000002fc7acd8 mode 0
Event: 15.701 Thread 0x000000002e369800 DEOPT PACKING pc=0x00000000051f1f70 sp=0x00000000318fd810
Event: 15.701 Thread 0x000000002e369800 DEOPT UNPACKING pc=0x0000000002ce75d0 sp=0x00000000318fd578 mode 0
Event: 15.702 Thread 0x000000002e364000 DEOPT PACKING pc=0x00000000051f1f39 sp=0x00000000317fd560
Event: 15.702 Thread 0x000000002e364000 DEOPT UNPACKING pc=0x0000000002ce75d0 sp=0x00000000317fd2c8 mode 0


Dynamic libraries:
0x00007ff710550000 - 0x00007ff710581000 	C:\Program Files\Android\Android Studio\jre\bin\java.exe
0x00007fff34860000 - 0x00007fff34a4d000 	C:\Windows\SYSTEM32\ntdll.dll
0x00007fff34400000 - 0x00007fff344b3000 	C:\Windows\System32\KERNEL32.DLL
0x00007fff30da0000 - 0x00007fff31033000 	C:\Windows\System32\KERNELBASE.dll
0x000000005f560000 - 0x000000005f5f5000 	C:\Windows\System32\SYSFER.DLL
0x00007fff32a80000 - 0x00007fff32b23000 	C:\Windows\System32\ADVAPI32.dll
0x00007fff31fc0000 - 0x00007fff3205e000 	C:\Windows\System32\msvcrt.dll
0x00007fff34360000 - 0x00007fff343fe000 	C:\Windows\System32\sechost.dll
0x00007fff32780000 - 0x00007fff328a2000 	C:\Windows\System32\RPCRT4.dll
0x00007fff32060000 - 0x00007fff321f7000 	C:\Windows\System32\USER32.dll
0x00007fff31a60000 - 0x00007fff31a80000 	C:\Windows\System32\win32u.dll
0x00007fff31f30000 - 0x00007fff31f59000 	C:\Windows\System32\GDI32.dll
0x00007fff318a0000 - 0x00007fff31a39000 	C:\Windows\System32\gdi32full.dll
0x00007fff30c80000 - 0x00007fff30d20000 	C:\Windows\System32\msvcp_win.dll
0x00007fff309a0000 - 0x00007fff30a9a000 	C:\Windows\System32\ucrtbase.dll
0x00007fff1b120000 - 0x00007fff1b399000 	C:\Windows\WinSxS\amd64_microsoft.windows.common-controls_6595b64144ccf1df_6.0.17763.1098_none_de762ed45346ee8a\COMCTL32.dll
0x00007fff323a0000 - 0x00007fff326cc000 	C:\Windows\System32\combase.dll
0x00007fff30920000 - 0x00007fff3099e000 	C:\Windows\System32\bcryptPrimitives.dll
0x00007fff34670000 - 0x00007fff3469e000 	C:\Windows\System32\IMM32.DLL
0x000000005eb10000 - 0x000000005ebe2000 	C:\Program Files\Android\Android Studio\jre\jre\bin\msvcr100.dll
0x000000005ebf0000 - 0x000000005f43b000 	C:\Program Files\Android\Android Studio\jre\jre\bin\server\jvm.dll
0x00007fff32bb0000 - 0x00007fff32bb8000 	C:\Windows\System32\PSAPI.DLL
0x00007fff0f110000 - 0x00007fff0f119000 	C:\Windows\SYSTEM32\WSOCK32.dll
0x00007fff32330000 - 0x00007fff3239d000 	C:\Windows\System32\WS2_32.dll
0x00007fff29cb0000 - 0x00007fff29cd4000 	C:\Windows\SYSTEM32\WINMM.dll
0x00007fff1ff00000 - 0x00007fff1ff0a000 	C:\Windows\SYSTEM32\VERSION.dll
0x00007fff29920000 - 0x00007fff2994d000 	C:\Windows\SYSTEM32\WINMMBASE.dll
0x00007fff30d20000 - 0x00007fff30d6a000 	C:\Windows\System32\cfgmgr32.dll
0x00007fff27f30000 - 0x00007fff27f3f000 	C:\Program Files\Android\Android Studio\jre\jre\bin\verify.dll
0x00007fff27d00000 - 0x00007fff27d29000 	C:\Program Files\Android\Android Studio\jre\jre\bin\java.dll
0x00007fff27ee0000 - 0x00007fff27ef6000 	C:\Program Files\Android\Android Studio\jre\jre\bin\zip.dll
0x00007fff32e60000 - 0x00007fff34354000 	C:\Windows\System32\SHELL32.dll
0x00007fff326d0000 - 0x00007fff32778000 	C:\Windows\System32\shcore.dll
0x00007fff31040000 - 0x00007fff3178d000 	C:\Windows\System32\windows.storage.dll
0x00007fff30850000 - 0x00007fff30874000 	C:\Windows\System32\profapi.dll
0x00007fff308a0000 - 0x00007fff308fd000 	C:\Windows\System32\powrprof.dll
0x00007fff328b0000 - 0x00007fff32902000 	C:\Windows\System32\shlwapi.dll
0x00007fff30900000 - 0x00007fff30911000 	C:\Windows\System32\kernel.appcore.dll
0x00007fff31a40000 - 0x00007fff31a57000 	C:\Windows\System32\cryptsp.dll
0x00007fff27cc0000 - 0x00007fff27cda000 	C:\Program Files\Android\Android Studio\jre\jre\bin\net.dll
0x00007fff300c0000 - 0x00007fff30127000 	C:\Windows\system32\mswsock.dll
0x00007fff27ca0000 - 0x00007fff27cb3000 	C:\Program Files\Android\Android Studio\jre\jre\bin\nio.dll
0x00007fff1e380000 - 0x00007fff1e3a6000 	C:\Users\c00568942\.gradle\native\fdc75f09e3144964f2cf3f50f0aa648679c211496f362492102eb8c894070792\windows-amd64\native-platform.dll
0x00007ffef80d0000 - 0x00007ffef8261000 	C:\Users\c00568942\.gradle\native\12488b8bf47d2d4c9fbf2f6322a914ad602e24e48041cd04a747c6da556b65c4\windows-amd64\native-platform-file-events.dll
0x00007fff27cf0000 - 0x00007fff27cfd000 	C:\Program Files\Android\Android Studio\jre\jre\bin\management.dll
0x00007fff2fc40000 - 0x00007fff2fc73000 	C:\Windows\system32\rsaenh.dll
0x00007fff30d70000 - 0x00007fff30d96000 	C:\Windows\System32\bcrypt.dll
0x00007fff30750000 - 0x00007fff30778000 	C:\Windows\SYSTEM32\USERENV.dll
0x00007fff30290000 - 0x00007fff3029c000 	C:\Windows\SYSTEM32\CRYPTBASE.dll
0x00007fff2fde0000 - 0x00007fff2fe1d000 	C:\Windows\SYSTEM32\IPHLPAPI.DLL
0x00007fff31f20000 - 0x00007fff31f28000 	C:\Windows\System32\NSI.dll
0x00007fff22db0000 - 0x00007fff22dc6000 	C:\Windows\SYSTEM32\dhcpcsvc6.DLL
0x00007fff22d90000 - 0x00007fff22dac000 	C:\Windows\SYSTEM32\dhcpcsvc.DLL
0x00007fff2fe30000 - 0x00007fff2fef6000 	C:\Windows\SYSTEM32\DNSAPI.dll
0x00007fff25050000 - 0x00007fff2505b000 	C:\Windows\SYSTEM32\WINNSI.DLL
0x00007fff1fe90000 - 0x00007fff1fe9a000 	C:\Windows\System32\rasadhlp.dll
0x00007fff24980000 - 0x00007fff249f9000 	C:\Windows\System32\fwpuclnt.dll

VM Arguments:
jvm_args: -Xmx2048m -Dfile.encoding=GBK -Duser.country=US -Duser.language=en -Duser.variant 
java_command: org.gradle.launcher.daemon.bootstrap.GradleDaemon 6.7
java_class_path (initial): C:\Users\c00568942\.gradle\wrapper\dists\gradle-6.7-all\cuy9mc7upwgwgeb72wkcrupxe\gradle-6.7\lib\gradle-launcher-6.7.jar
Launcher Type: SUN_STANDARD

Environment Variables:
PATH=C:\Program Files (x86)\Common Files\Oracle\Java\javapath;C:\Windows;C:\Windows\system32;C:\Windows\System32\Wbem;C:\Windows\System32\WindowsPowerShell\v1.0;C:\Windows;C:\Windows\system32;C:\Windows\System32\Wbem;C:\Windows\System32\WindowsPowerShell\v1.0;C:\Windows\System32\WindowsPowerShell\v1.0\;C:\Windows\System32\OpenSSH\;C:\Program Files\Intel\WiFi\bin\;C:\Program Files\Common Files\Intel\WirelessCommon\;C:\Program Files\Git\cmd;C:\Users\c00568942\AppData\Local\Microsoft\WindowsApps;C:\Users\c00568942\AppData\Local\GitHubDesktop\bin;C:\Users\c00568942\AppData\Local\atom\bin
USERNAME=c00568942
OS=Windows_NT
PROCESSOR_IDENTIFIER=Intel64 Family 6 Model 142 Stepping 12, GenuineIntel



---------------  S Y S T E M  ---------------

OS: Windows 10.0 , 64 bit Build 17763 (10.0.17763.475)

CPU:total 8 (initial active 8) (4 cores per cpu, 2 threads per core) family 6 model 142 stepping 12, cmov, cx8, fxsr, mmx, sse, sse2, sse3, ssse3, sse4.1, sse4.2, popcnt, avx, avx2, aes, clmul, erms, 3dnowpref, lzcnt, ht, tsc, tscinvbit, bmi1, bmi2, adx

Memory: 4k page, physical 16553428k(7957240k free), swap 42767824k(7008k free)

vm_info: OpenJDK 64-Bit Server VM (25.242-b01) for windows-amd64 JRE (1.8.0_242-release-1644-b01), built by "builder" with MS VC++ 10.0 (VS2010)

time: Fri Nov 13 16:40:09 2020
timezone: Turkey Standard Time
elapsed time: 15 seconds (0d 0h 0m 15s)

